[    0.000000] Initializing cgroup subsys cpuset
[    0.000000] Initializing cgroup subsys cpu
[    0.000000] Initializing cgroup subsys cpuacct
[    0.000000] Linux version 4.4.0-66-generic (buildd@lgw01-28) (gcc version 5.4.0 20160609 (Ubuntu 5.4.0-6ubuntu1~16.04.4) ) #87-Ubuntu SMP Fri Mar 3 15:29:05 UTC 2017 (Ubuntu 4.4.0-66.87-generic 4.4.44)
[    0.000000] Command line: BOOT_IMAGE=/boot/vmlinuz-4.4.0-66-generic root=LABEL=cloudimg-rootfs ro console=tty1 console=ttyS0
[    0.000000] KERNEL supported cpus:
[    0.000000]   Intel GenuineIntel
[    0.000000]   AMD AuthenticAMD
[    0.000000]   Centaur CentaurHauls
[    0.000000] x86/fpu: xstate_offset[2]:  576, xstate_sizes[2]:  256
[    0.000000] x86/fpu: Supporting XSAVE feature 0x01: 'x87 floating point registers'
[    0.000000] x86/fpu: Supporting XSAVE feature 0x02: 'SSE registers'
[    0.000000] x86/fpu: Supporting XSAVE feature 0x04: 'AVX registers'
[    0.000000] x86/fpu: Enabled xstate features 0x7, context size is 832 bytes, using 'standard' format.
[    0.000000] x86/fpu: Using 'lazy' FPU context switches.
[    0.000000] e820: BIOS-provided physical RAM map:
[    0.000000] BIOS-e820: [mem 0x0000000000000000-0x000000000009fbff] usable
[    0.000000] BIOS-e820: [mem 0x000000000009fc00-0x000000000009ffff] reserved
[    0.000000] BIOS-e820: [mem 0x00000000000f0000-0x00000000000fffff] reserved
[    0.000000] BIOS-e820: [mem 0x0000000000100000-0x000000003ffeffff] usable
[    0.000000] BIOS-e820: [mem 0x000000003fff0000-0x000000003fffffff] ACPI data
[    0.000000] BIOS-e820: [mem 0x00000000fec00000-0x00000000fec00fff] reserved
[    0.000000] BIOS-e820: [mem 0x00000000fee00000-0x00000000fee00fff] reserved
[    0.000000] BIOS-e820: [mem 0x00000000fffc0000-0x00000000ffffffff] reserved
[    0.000000] NX (Execute Disable) protection: active
[    0.000000] SMBIOS 2.5 present.
[    0.000000] Hypervisor detected: KVM
[    0.000000] e820: last_pfn = 0x3fff0 max_arch_pfn = 0x400000000
[    0.000000] MTRR: Disabled
[    0.000000] x86/PAT: MTRRs disabled, skipping PAT initialization too.
[    0.000000] x86/PAT: Configuration [0-7]: WB  WT  UC- UC  WB  WT  UC- UC  
[    0.000000] CPU MTRRs all blank - virtualized system.
[    0.000000] found SMP MP-table at [mem 0x0009fff0-0x0009ffff] mapped at [ffff88000009fff0]
[    0.000000] Scanning 1 areas for low memory corruption
[    0.000000] RAMDISK: [mem 0x36ace000-0x3755efff]
[    0.000000] ACPI: Early table checksum verification disabled
[    0.000000] ACPI: RSDP 0x00000000000E0000 000024 (v02 VBOX  )
[    0.000000] ACPI: XSDT 0x000000003FFF0030 00003C (v01 VBOX   VBOXXSDT 00000001 ASL  00000061)
[    0.000000] ACPI: FACP 0x000000003FFF00F0 0000F4 (v04 VBOX   VBOXFACP 00000001 ASL  00000061)
[    0.000000] ACPI: DSDT 0x000000003FFF0470 0021C8 (v02 VBOX   VBOXBIOS 00000002 INTL 20100528)
[    0.000000] ACPI: FACS 0x000000003FFF0200 000040
[    0.000000] ACPI: FACS 0x000000003FFF0200 000040
[    0.000000] ACPI: APIC 0x000000003FFF0240 00005C (v02 VBOX   VBOXAPIC 00000001 ASL  00000061)
[    0.000000] ACPI: SSDT 0x000000003FFF02A0 0001CC (v01 VBOX   VBOXCPUT 00000002 INTL 20100528)
[    0.000000] No NUMA configuration found
[    0.000000] Faking a node at [mem 0x0000000000000000-0x000000003ffeffff]
[    0.000000] NODE_DATA(0) allocated [mem 0x3ffeb000-0x3ffeffff]
[    0.000000] kvm-clock: Using msrs 4b564d01 and 4b564d00
[    0.000000] kvm-clock: cpu 0, msr 0:3ffe3001, primary cpu clock
[    0.000000] kvm-clock: using sched offset of 3924635313 cycles
[    0.000000] clocksource: kvm-clock: mask: 0xffffffffffffffff max_cycles: 0x1cd42e4dffb, max_idle_ns: 881590591483 ns
[    0.000000] Zone ranges:
[    0.000000]   DMA      [mem 0x0000000000001000-0x0000000000ffffff]
[    0.000000]   DMA32    [mem 0x0000000001000000-0x000000003ffeffff]
[    0.000000]   Normal   empty
[    0.000000]   Device   empty
[    0.000000] Movable zone start for each node
[    0.000000] Early memory node ranges
[    0.000000]   node   0: [mem 0x0000000000001000-0x000000000009efff]
[    0.000000]   node   0: [mem 0x0000000000100000-0x000000003ffeffff]
[    0.000000] Initmem setup node 0 [mem 0x0000000000001000-0x000000003ffeffff]
[    0.000000] ACPI: PM-Timer IO Port: 0x4008
[    0.000000] IOAPIC[0]: apic_id 2, version 32, address 0xfec00000, GSI 0-23
[    0.000000] ACPI: INT_SRC_OVR (bus 0 bus_irq 0 global_irq 2 dfl dfl)
[    0.000000] ACPI: INT_SRC_OVR (bus 0 bus_irq 9 global_irq 9 high level)
[    0.000000] Using ACPI (MADT) for SMP configuration information
[    0.000000] smpboot: Allowing 2 CPUs, 0 hotplug CPUs
[    0.000000] PM: Registered nosave memory: [mem 0x00000000-0x00000fff]
[    0.000000] PM: Registered nosave memory: [mem 0x0009f000-0x0009ffff]
[    0.000000] PM: Registered nosave memory: [mem 0x000a0000-0x000effff]
[    0.000000] PM: Registered nosave memory: [mem 0x000f0000-0x000fffff]
[    0.000000] e820: [mem 0x40000000-0xfebfffff] available for PCI devices
[    0.000000] Booting paravirtualized kernel on KVM
[    0.000000] clocksource: refined-jiffies: mask: 0xffffffff max_cycles: 0xffffffff, max_idle_ns: 7645519600211568 ns
[    0.000000] setup_percpu: NR_CPUS:512 nr_cpumask_bits:512 nr_cpu_ids:2 nr_node_ids:1
[    0.000000] PERCPU: Embedded 33 pages/cpu @ffff88003fc00000 s98264 r8192 d28712 u1048576
[    0.000000] PV qspinlock hash table entries: 256 (order: 0, 4096 bytes)
[    0.000000] Built 1 zonelists in Node order, mobility grouping on.  Total pages: 257913
[    0.000000] Policy zone: DMA32
[    0.000000] Kernel command line: BOOT_IMAGE=/boot/vmlinuz-4.4.0-66-generic root=LABEL=cloudimg-rootfs ro console=tty1 console=ttyS0
[    0.000000] PID hash table entries: 4096 (order: 3, 32768 bytes)
[    0.000000] Memory: 1001756K/1048120K available (8452K kernel code, 1293K rwdata, 3980K rodata, 1488K init, 1316K bss, 46364K reserved, 0K cma-reserved)
[    0.000000] SLUB: HWalign=64, Order=0-3, MinObjects=0, CPUs=2, Nodes=1
[    0.000000] Hierarchical RCU implementation.
[    0.000000] 	Build-time adjustment of leaf fanout to 64.
[    0.000000] 	RCU restricting CPUs from NR_CPUS=512 to nr_cpu_ids=2.
[    0.000000] RCU: Adjusting geometry for rcu_fanout_leaf=64, nr_cpu_ids=2
[    0.000000] NR_IRQS:33024 nr_irqs:440 16
[    0.000000] Console: colour VGA+ 80x25
[    0.000000] console [tty1] enabled
[    0.000000] console [ttyS0] enabled
[    0.000000] tsc: Detected 2394.456 MHz processor
[    0.918703] Calibrating delay loop (skipped) preset value.. 4788.91 BogoMIPS (lpj=9577824)
[    0.927820] pid_max: default: 32768 minimum: 301
[    0.930659] ACPI: Core revision 20150930
[    0.951493] ACPI: 2 ACPI AML tables successfully acquired and loaded
[    0.981877] Security Framework initialized
[    0.984203] Yama: becoming mindful.
[    0.987162] AppArmor: AppArmor initialized
[    0.988884] Dentry cache hash table entries: 131072 (order: 8, 1048576 bytes)
[    1.009746] Inode-cache hash table entries: 65536 (order: 7, 524288 bytes)
[    1.036119] Mount-cache hash table entries: 2048 (order: 2, 16384 bytes)
[    1.045687] Mountpoint-cache hash table entries: 2048 (order: 2, 16384 bytes)
[    1.048805] Initializing cgroup subsys io
[    1.052113] Initializing cgroup subsys memory
[    1.053621] Initializing cgroup subsys devices
[    1.055213] Initializing cgroup subsys freezer
[    1.061339] Initializing cgroup subsys net_cls
[    1.067200] Initializing cgroup subsys perf_event
[    1.071789] Initializing cgroup subsys net_prio
[    1.081030] Initializing cgroup subsys hugetlb
[    1.092477] Initializing cgroup subsys pids
[    1.094092] CPU: Physical Processor ID: 0
[    1.099424] CPU: Processor Core ID: 0
[    1.106755] mce: CPU supports 0 MCE banks
[    1.113352] Last level iTLB entries: 4KB 64, 2MB 8, 4MB 8
[    1.114419] Last level dTLB entries: 4KB 64, 2MB 0, 4MB 0, 1GB 4
[    1.117851] Freeing SMP alternatives memory: 32K (ffffffff820b9000 - ffffffff820c1000)
[    1.142878] ftrace: allocating 32123 entries in 126 pages
[    1.199813] smpboot: APIC(0) Converting physical 0 to logical package 0
[    1.229282] smpboot: Max logical packages: 1
[    1.245271] x2apic enabled
[    1.254206] Switched APIC routing to physical x2apic.
[    1.263095] ..TIMER: vector=0x30 apic1=0 pin1=2 apic2=-1 pin2=-1
[    1.375314] APIC calibration not consistent with PM-Timer: 98ms instead of 100ms
[    1.379965] APIC delta adjusted to PM-Timer: 6253669 (6174196)
[    1.402315] smpboot: CPU0: Intel(R) Core(TM) i7-5500U CPU @ 2.40GHz (family: 0x6, model: 0x3d, stepping: 0x4)
[    1.435432] Performance Events: unsupported p6 CPU model 61 no PMU driver, software events only.
[    1.447178] KVM setup paravirtual spinlock
[    1.449365] x86: Booting SMP configuration:
[    1.452448] .... node  #0, CPUs:      #1
[    1.462720] kvm-clock: cpu 1, msr 0:3ffe3041, secondary cpu clock
[    1.471781] mce: CPU supports 0 MCE banks
[    1.484091] x86: Booted up 1 node, 2 CPUs
[    1.495936] smpboot: Total of 2 processors activated (9577.82 BogoMIPS)
[    1.498436] devtmpfs: initialized
[    1.509273] evm: security.selinux
[    1.521068] evm: security.SMACK64
[    1.537957] evm: security.SMACK64EXEC
[    1.539965] evm: security.SMACK64TRANSMUTE
[    1.551483] evm: security.SMACK64MMAP
[    1.554393] evm: security.ima
[    1.562051] evm: security.capability
[    1.563381] clocksource: jiffies: mask: 0xffffffff max_cycles: 0xffffffff, max_idle_ns: 7645041785100000 ns
[    1.591511] pinctrl core: initialized pinctrl subsystem
[    1.640472] RTC time: 15:57:32, date: 05/09/17
[    1.655907] NET: Registered protocol family 16
[    1.667064] cpuidle: using governor ladder
[    1.708088] cpuidle: using governor menu
[    1.736872] PCCT header not found.
[    1.752831] ACPI: bus type PCI registered
[    1.753933] acpiphp: ACPI Hot Plug PCI Controller Driver version: 0.5
[    1.758065] PCI: Using configuration type 1 for base access
[    1.784536] ACPI: Added _OSI(Module Device)
[    1.824296] ACPI: Added _OSI(Processor Device)
[    1.829599] ACPI: Added _OSI(3.0 _SCP Extensions)
[    1.847367] ACPI: Added _OSI(Processor Aggregator Device)
[    1.856290] ACPI: Executed 1 blocks of module-level executable AML code
[    1.882930] ACPI: Interpreter enabled
[    1.888915] ACPI: (supports S0 S5)
[    1.891105] ACPI: Using IOAPIC for interrupt routing
[    1.893166] PCI: Using host bridge windows from ACPI; if necessary, use "pci=nocrs" and report a bug
[    1.906884] ACPI: PCI Root Bridge [PCI0] (domain 0000 [bus 00-ff])
[    1.916027] acpi PNP0A03:00: _OSC: OS supports [ASPM ClockPM Segments MSI]
[    1.941595] acpi PNP0A03:00: _OSC failed (AE_NOT_FOUND); disabling ASPM
[    1.943281] acpi PNP0A03:00: fail to add MMCONFIG information, can't access extended PCI configuration space under this bridge.
[    1.947324] PCI host bridge to bus 0000:00
[    1.955287] pci_bus 0000:00: root bus resource [io  0x0000-0x0cf7 window]
[    1.970468] pci_bus 0000:00: root bus resource [io  0x0d00-0xffff window]
[    1.980588] pci_bus 0000:00: root bus resource [mem 0x000a0000-0x000bffff window]
[    1.985258] pci_bus 0000:00: root bus resource [mem 0x40000000-0xffdfffff window]
[    1.993141] pci_bus 0000:00: root bus resource [bus 00-ff]
[    1.997645] pci 0000:00:01.1: legacy IDE quirk: reg 0x10: [io  0x01f0-0x01f7]
[    2.009312] pci 0000:00:01.1: legacy IDE quirk: reg 0x14: [io  0x03f6]
[    2.022750] pci 0000:00:01.1: legacy IDE quirk: reg 0x18: [io  0x0170-0x0177]
[    2.043872] pci 0000:00:01.1: legacy IDE quirk: reg 0x1c: [io  0x0376]
[    2.102835] pci 0000:00:07.0: quirk: [io  0x4000-0x403f] claimed by PIIX4 ACPI
[    2.151729] pci 0000:00:07.0: quirk: [io  0x4100-0x410f] claimed by PIIX4 SMB
[    2.178423] ACPI: PCI Interrupt Link [LNKA] (IRQs 5 9 10 *11)
[    2.197742] ACPI: PCI Interrupt Link [LNKB] (IRQs 5 9 10 *11)
[    2.200359] ACPI: PCI Interrupt Link [LNKC] (IRQs 5 9 *10 11)
[    2.207484] ACPI: PCI Interrupt Link [LNKD] (IRQs 5 *9 10 11)
[    2.212559] ACPI: Enabled 2 GPEs in block 00 to 07
[    2.260266] vgaarb: setting as boot device: PCI:0000:00:02.0
[    2.306435] vgaarb: device added: PCI:0000:00:02.0,decodes=io+mem,owns=io+mem,locks=none
[    2.357868] vgaarb: loaded
[    2.381094] vgaarb: bridge control possible 0000:00:02.0
[    2.385413] SCSI subsystem initialized
[    2.392109] ACPI: bus type USB registered
[    2.404321] usbcore: registered new interface driver usbfs
[    2.430087] usbcore: registered new interface driver hub
[    2.462376] usbcore: registered new device driver usb
[    2.472587] PCI: Using ACPI for IRQ routing
[    2.501314] NetLabel: Initializing
[    2.537465] NetLabel:  domain hash size = 128
[    2.546517] NetLabel:  protocols = UNLABELED CIPSOv4
[    2.562836] NetLabel:  unlabeled traffic allowed by default
[    2.565189] amd_nb: Cannot enumerate AMD northbridges
[    2.569556] clocksource: Switched to clocksource kvm-clock
[    2.585370] AppArmor: AppArmor Filesystem Enabled
[    2.656413] pnp: PnP ACPI init
[    2.720841] pnp: PnP ACPI: found 3 devices
[    2.817591] clocksource: acpi_pm: mask: 0xffffff max_cycles: 0xffffff, max_idle_ns: 2085701024 ns
[    2.922996] NET: Registered protocol family 2
[    2.984378] TCP established hash table entries: 8192 (order: 4, 65536 bytes)
[    3.056627] TCP bind hash table entries: 8192 (order: 5, 131072 bytes)
[    3.165171] TCP: Hash tables configured (established 8192 bind 8192)
[    3.171618] UDP hash table entries: 512 (order: 2, 16384 bytes)
[    3.196289] UDP-Lite hash table entries: 512 (order: 2, 16384 bytes)
[    3.271160] NET: Registered protocol family 1
[    3.318663] pci 0000:00:00.0: Limiting direct PCI/PCI transfers
[    3.339031] pci 0000:00:01.0: Activating ISA DMA hang workarounds
[    3.364720] Trying to unpack rootfs image as initramfs...
[    5.584530] Freeing initrd memory: 10820K (ffff880036ace000 - ffff88003755f000)
[    5.592955] RAPL PMU detected, API unit is 2^-32 Joules, 4 fixed counters 10737418240 ms ovfl timer
[    5.651826] hw unit of domain pp0-core 2^-0 Joules
[    5.718415] hw unit of domain package 2^-0 Joules
[    5.765946] hw unit of domain dram 2^-0 Joules
[    5.790887] hw unit of domain pp1-gpu 2^-0 Joules
[    5.831710] platform rtc_cmos: registered platform RTC device (no PNP device found)
[    5.860163] Scanning for low memory corruption every 60 seconds
[    5.869743] futex hash table entries: 512 (order: 3, 32768 bytes)
[    5.885895] audit: initializing netlink subsys (disabled)
[    5.905449] audit: type=2000 audit(1494345460.098:1): initialized
[    5.909952] Initialise system trusted keyring
[    5.916788] HugeTLB registered 2 MB page size, pre-allocated 0 pages
[    5.937100] zbud: loaded
[    5.952871] VFS: Disk quotas dquot_6.6.0
[    5.985878] VFS: Dquot-cache hash table entries: 512 (order 0, 4096 bytes)
[    5.995907] squashfs: version 4.0 (2009/01/31) Phillip Lougher
[    5.998911] fuse init (API version 7.23)
[    6.011099] Key type big_key registered
[    6.012296] Allocating IMA MOK and blacklist keyrings.
[    6.028095] Key type asymmetric registered
[    6.037852] Asymmetric key parser 'x509' registered
[    6.050994] Block layer SCSI generic (bsg) driver version 0.4 loaded (major 249)
[    6.072394] io scheduler noop registered
[    6.105819] io scheduler deadline registered (default)
[    6.143850] io scheduler cfq registered
[    6.166980] pci_hotplug: PCI Hot Plug PCI Core version: 0.5
[    6.167939] pciehp: PCI Express Hot Plug Controller Driver version: 0.4
[    6.171262] ACPI: AC Adapter [AC] (off-line)
[    6.173471] input: Power Button as /devices/LNXSYSTM:00/LNXPWRBN:00/input/input0
[    6.206694] ACPI: Power Button [PWRF]
[    6.239951] input: Sleep Button as /devices/LNXSYSTM:00/LNXSLPBN:00/input/input1
[    6.325248] ACPI: Sleep Button [SLPF]
[    6.333074] GHES: HEST is not enabled!
[    6.335216] ACPI: Battery Slot [BAT0] (battery present)
[    6.337416] Serial: 8250/16550 driver, 32 ports, IRQ sharing enabled
[    6.361055] 00:02: ttyS0 at I/O 0x3f8 (irq = 4, base_baud = 115200) is a 16550A
[    6.380998] Linux agpgart interface v0.103
[    6.388257] brd: module loaded
[    6.398219] loop: module loaded
[    6.406939] scsi host0: ata_piix
[    6.414186] scsi host1: ata_piix
[    6.432020] ata1: PATA max UDMA/33 cmd 0x1f0 ctl 0x3f6 bmdma 0xd000 irq 14
[    6.453903] ata2: PATA max UDMA/33 cmd 0x170 ctl 0x376 bmdma 0xd008 irq 15
[    6.479862] libphy: Fixed MDIO Bus: probed
[    6.481267] tun: Universal TUN/TAP device driver, 1.6
[    6.482892] tun: (C) 1999-2004 Max Krasnyansky <maxk@qualcomm.com>
[    6.495234] PPP generic driver version 2.4.2
[    6.500266] ehci_hcd: USB 2.0 'Enhanced' Host Controller (EHCI) Driver
[    6.516915] ehci-pci: EHCI PCI platform driver
[    6.527670] ehci-platform: EHCI generic platform driver
[    6.531594] ohci_hcd: USB 1.1 'Open' Host Controller (OHCI) Driver
[    6.551200] ohci-pci: OHCI PCI platform driver
[    6.560643] ohci-platform: OHCI generic platform driver
[    6.580113] uhci_hcd: USB Universal Host Controller Interface driver
[    6.604180] i8042: PNP: PS/2 Controller [PNP0303:PS2K,PNP0f03:PS2M] at 0x60,0x64 irq 1,12
[    6.684504] serio: i8042 KBD port at 0x60,0x64 irq 1
[    6.775622] serio: i8042 AUX port at 0x60,0x64 irq 12
[    6.822487] mousedev: PS/2 mouse device common for all mice
[    6.824514] input: AT Translated Set 2 keyboard as /devices/platform/i8042/serio0/input/input2
[    6.895597] rtc_cmos rtc_cmos: rtc core: registered rtc_cmos as rtc0
[    6.906616] rtc_cmos rtc_cmos: alarms up to one day, 114 bytes nvram
[    6.961585] i2c /dev entries driver
[    6.961730] tsc: Refined TSC clocksource calibration: 2395.224 MHz
[    6.961732] clocksource: tsc: mask: 0xffffffffffffffff max_cycles: 0x22869780334, max_idle_ns: 440795209770 ns
[    7.059662] device-mapper: uevent: version 1.0.3
[    7.066883] device-mapper: ioctl: 4.34.0-ioctl (2015-10-28) initialised: dm-devel@redhat.com
[    7.133229] ledtrig-cpu: registered to indicate activity on CPUs
[    7.191878] NET: Registered protocol family 10
[    7.236247] NET: Registered protocol family 17
[    7.279407] Key type dns_resolver registered
[    7.307972] microcode: CPU0 sig=0x306d4, pf=0x40, revision=0x0
[    7.318612] microcode: CPU1 sig=0x306d4, pf=0x40, revision=0x0
[    7.368039] microcode: Microcode Update Driver: v2.01 <tigran@aivazian.fsnet.co.uk>, Peter Oruba
[    7.378076] registered taskstats version 1
[    7.381411] Loading compiled-in X.509 certificates
[    7.387719] Loaded X.509 cert 'Build time autogenerated kernel key: 32ca4feee90b5cde51f5f8c0e024b22f8c679982'
[    7.389776] zswap: loaded using pool lzo/zbud
[    7.395713] Key type trusted registered
[    7.470756] Key type encrypted registered
[    7.517704] AppArmor: AppArmor sha1 policy hashing enabled
[    7.539713] ima: No TPM chip found, activating TPM-bypass!
[    7.553408] evm: HMAC attrs: 0x1
[    7.554893]   Magic number: 1:702:992
[    7.562326] rtc_cmos rtc_cmos: setting system clock to 2017-05-09 15:57:38 UTC (1494345458)
[    7.593734] BIOS EDD facility v0.16 2004-Jun-25, 0 devices found
[    7.646711] EDD information not available.
[    7.704138] Freeing unused kernel memory: 1488K (ffffffff81f45000 - ffffffff820b9000)
[    7.721940] Write protecting the kernel read-only data: 14336k
[    7.783147] Freeing unused kernel memory: 1776K (ffff880001844000 - ffff880001a00000)
[    7.883564] Freeing unused kernel memory: 116K (ffff880001de3000 - ffff880001e00000)
Loading, please [    8.016434] random: systemd-udevd: uninitialized urandom read (16 bytes read, 7 bits of entropy available)
wait...
startin[    8.017027] random: udevadm: uninitialized urandom read (16 bytes read, 7 bits of entropy available)
g version 229
[    8.017059] random: udevadm: uninitialized urandom read (16 bytes read, 7 bits of entropy available)
[    8.017177] random: udevadm: uninitialized urandom read (16 bytes read, 7 bits of entropy available)
[    8.017213] random: udevadm: uninitialized urandom read (16 bytes read, 7 bits of entropy available)
[    8.017248] random: udevadm: uninitialized urandom read (16 bytes read, 7 bits of entropy available)
[    8.017283] random: udevadm: uninitialized urandom read (16 bytes read, 7 bits of entropy available)
[    8.017316] random: udevadm: uninitialized urandom read (16 bytes read, 7 bits of entropy available)
[    8.017348] random: udevadm: uninitialized urandom read (16 bytes read, 7 bits of entropy available)
[    8.017381] random: udevadm: uninitialized urandom read (16 bytes read, 7 bits of entropy available)
[    8.416361] e1000: Intel(R) PRO/1000 Network Driver - version 7.3.21-k8-NAPI
[    8.423878] e1000: Copyright (c) 1999-2006 Intel Corporation.
[    8.443669] Fusion MPT base driver 3.04.20
[    8.450407] Copyright (c) 1999-2008 LSI Corporation
[    8.460714] Fusion MPT SPI Host driver 3.04.20
[    8.473432] AVX version of gcm_enc/dec engaged.
[    8.481070] AES CTR mode by8 optimization enabled
[    8.502673] mptbase: ioc0: Initiating bringup
[    8.582058] ioc0: LSI53C1030 A0: Capabilities={Initiator}
[    8.681211] input: ImExPS/2 Generic Explorer Mouse as /devices/platform/i8042/serio1/input/input4
[    8.776639] scsi host2: ioc0: LSI53C1030 A0, FwRev=00000000h, Ports=1, MaxQ=256, IRQ=20
[    8.991470] scsi 2:0:0:0: Direct-Access     VBOX     HARDDISK         1.0  PQ: 0 ANSI: 5
[    9.067471] scsi target2:0:0: Beginning Domain Validation
[    9.073701] scsi target2:0:0: Domain Validation skipping write tests
[    9.081020] scsi target2:0:0: Ending Domain Validation
[    9.105376] scsi target2:0:0: asynchronous
[    9.121755] scsi 2:0:1:0: Direct-Access     VBOX     HARDDISK         1.0  PQ: 0 ANSI: 5
[    9.139767] scsi target2:0:1: Beginning Domain Validation
[    9.149797] scsi target2:0:1: Domain Validation skipping write tests
[    9.170601] scsi target2:0:1: Ending Domain Validation
[    9.211455] scsi target2:0:1: asynchronous
[    9.331759] sd 2:0:0:0: Attached scsi generic sg0 type 0
[    9.337109] sd 2:0:0:0: [sda] 20971520 512-byte logical blocks: (10.7 GB/10.0 GiB)
[    9.337284] sd 2:0:0:0: [sda] Write Protect is off
[    9.345947] sd 2:0:0:0: [sda] Incomplete mode parameter data
[    9.345949] sd 2:0:0:0: [sda] Assuming drive cache: write through
[    9.421047] sd 2:0:1:0: Attached scsi generic sg1 type 0
[    9.422986] sd 2:0:1:0: [sdb] 20480 512-byte logical blocks: (10.5 MB/10.0 MiB)
[    9.423116] sd 2:0:1:0: [sdb] Write Protect is off
[    9.423263] sd 2:0:1:0: [sdb] Incomplete mode parameter data
[    9.423264] sd 2:0:1:0: [sdb] Assuming drive cache: write through
[    9.423620]  sda: sda1
[    9.444216] sd 2:0:0:0: [sda] Attached SCSI disk
[    9.445868] sd 2:0:1:0: [sdb] Attached SCSI disk
[    9.497676] e1000 0000:00:03.0 eth0: (PCI:33MHz:32-bit) 02:2d:8f:cf:d6:cd
[    9.497681] e1000 0000:00:03.0 eth0: Intel(R) PRO/1000 Network Connection
[    9.933356] e1000 0000:00:08.0 eth1: (PCI:33MHz:32-bit) 08:00:27:47:38:c9
[    9.950167] e1000 0000:00:08.0 eth1: Intel(R) PRO/1000 Network Connection
[    9.952038] e1000 0000:00:08.0 enp0s8: renamed from eth1
[    9.994059] e1000 0000:00:03.0 enp0s3: renamed from eth0
[   11.447021] floppy0: no floppy controllers found
Begin: Loading essential drivers[   13.001457] md: linear personality registered for level -1
 ... [   13.033965] md: multipath personality registered for level -4
[   13.074228] md: raid0 personality registered for level 0
[   13.123688] md: raid1 personality registered for level 1
[   13.213702] raid6: sse2x1   gen()  5782 MB/s
[   13.317776] raid6: sse2x1   xor()  5576 MB/s
[   13.421844] raid6: sse2x2   gen()  9578 MB/s
[   13.529927] raid6: sse2x2   xor()  6105 MB/s
[   13.625998] raid6: sse2x4   gen()  9141 MB/s
[   13.729574] raid6: sse2x4   xor()  8264 MB/s
[   13.760483] raid6: using algorithm sse2x2 gen() 9578 MB/s
[   13.808046] raid6: .... xor() 6105 MB/s, rmw enabled
[   13.829458] raid6: using ssse3x2 recovery algorithm
[   13.831720] xor: automatically using best checksumming function:
[   13.885680]    avx       : 22799.000 MB/sec
[   13.894998] async_tx: api initialized (async)
[   13.910357] md: raid6 personality registered for level 6
[   13.917803] md: raid5 personality registered for level 5
[   13.939727] md: raid4 personality registered for level 4
[   13.960381] md: raid10 personality registered for level 10
done.
Begin: Running /scripts/init-premount ... done.
Begin: Mounting root file system ... Begin: Running /scripts/local-top ... done.
Begin: Running /scripts/local-premount ... [   14.011160] Btrfs loaded
Scanning for Btrfs filesystems
done.
Warning: fsck no[   14.067186] EXT4-fs (sda1): mounted filesystem with ordered data mode. Opts: (null)
t present, so skipping root file system
done.
Begin: Running /scripts/local-bottom ... done.
Begin: Running /scripts/init-bottom ... done.
[   14.264350] systemd[1]: systemd 229 running in system mode. (+PAM +AUDIT +SELINUX +IMA +APPARMOR +SMACK +SYSVINIT +UTMP +LIBCRYPTSETUP +GCRYPT +GNUTLS +ACL +XZ -LZ4 +SECCOMP +BLKID +ELFUTILS +KMOD -IDN)
[   14.500259] systemd[1]: Detected virtualization oracle.
[   14.504345] systemd[1]: Detected architecture x86-64.

Welcome to [1mUbuntu 16.04.2 LTS[0m!

[   14.550760] systemd[1]: Set hostname to <ubuntu>.
[   14.579113] systemd[1]: Initializing machine ID from random generator.
[   14.603238] systemd[1]: Installed transient /etc/machine-id file.
[   14.875508] systemd[1]: Listening on Journal Socket (/dev/log).
[[0;32m  OK  [0m] Listening on Journal Socket (/dev/log).
[   14.962430] systemd[1]: Listening on udev Kernel Socket.
[[0;32m  OK  [0m] Listening on udev Kernel Socket.
[   15.074410] systemd[1]: Listening on Syslog Socket.
[[0;32m  OK  [0m] Listening on Syslog Socket.
[   15.147999] systemd[1]: Listening on Journal Audit Socket.
[[0;32m  OK  [0m] Listening on Journal Audit Socket.
[   15.238303] systemd[1]: Reached target Swap.
[[0;32m  OK  [0m] Reached target Swap.
[   15.303645] systemd[1]: Created slice User and Session Slice.
[[0;32m  OK  [0m] Created slice User and Session Slice.
[   15.338488] systemd[1]: Listening on Device-mapper event daemon FIFOs.
[[0;32m  OK  [0m] Listening on Device-mapper event daemon FIFOs.
[   15.362300] random: nonblocking pool is initialized
[   15.391067] systemd[1]: Listening on udev Control Socket.
[[0;32m  OK  [0m] Listening on udev Control Socket.
[   15.418300] systemd[1]: Listening on Journal Socket.
[[0;32m  OK  [0m] Listening on Journal Socket.
[   15.425951] systemd[1]: Set up automount Arbitrary Executable File Formats File System Automount Point.
[[0;32m  OK  [0m] Set up automount Arbitrary Executab...ats File System Automount Point.
[   15.470497] systemd[1]: Listening on LVM2 metadata daemon socket.
[[0;32m  OK  [0m] Listening on LVM2 metadata daemon socket.
[   15.526041] systemd[1]: Started Forward Password Requests to Wall Directory Watch.
[[0;32m  OK  [0m] Started Forward Password Requests to Wall Directory Watch.
[   15.646684] systemd[1]: Reached target User and Group Name Lookups.
[[0;32m  OK  [0m] Reached target User and Group Name Lookups.
[   15.749832] systemd[1]: Reached target Encrypted Volumes.
[[0;32m  OK  [0m] Reached target Encrypted Volumes.
[   15.850431] systemd[1]: Listening on LVM2 poll daemon socket.
[[0;32m  OK  [0m] Listening on LVM2 poll daemon socket.
[   15.938420] systemd[1]: Listening on /dev/initctl Compatibility Named Pipe.
[[0;32m  OK  [0m] Listening on /dev/initctl Compatibility Named Pipe.
[   16.047172] systemd[1]: Created slice System Slice.
[[0;32m  OK  [0m] Created slice System Slice.
[   16.136170] systemd[1]: Reached target Slices.
[[0;32m  OK  [0m] Reached target Slices.
[   16.230357] systemd[1]: Mounting Huge Pages File System...
         Mounting Huge Pages File System...
[   16.310644] systemd[1]: Starting Uncomplicated firewall...
         Starting Uncomplicated firewall...
[   16.394279] systemd[1]: Mounting Debug File System...
         Mounting Debug File System...
[   16.458417] systemd[1]: Starting Journal Service...
         Starting Journal Service...
[   16.503051] systemd[1]: Starting Remount Root and Kernel File Systems...
[   16.511331] EXT4-fs (sda1): re-mounted. Opts: (null)
         Starting Remount Root and Kernel File Systems...
[   16.535083] systemd[1]: Starting Create list of required static device nodes for the current kernel...
         Starting Create list of required st... nodes for the current kernel...
[   16.574689] systemd[1]: Created slice system-serial\x2dgetty.slice.
[[0;32m  OK  [0m] Created slice system-serial\x2dgetty.slice.
[   16.654341] systemd[1]: Starting Load Kernel Modules...
         Starting Load Kernel Modules...
[   16.730395] systemd[1]: Starting Nameserver information manager...
         [   16.749668] Loading iSCSI transport class v2.0-870.
Starting Nameserver information manager...
[   16.804495] iscsi: registered transport (tcp)
[   16.869797] systemd[1]: Starting Set console keymap...
         Starting Set console keymap...
[   16.892360] iscsi: registered transport (iser)
[   16.953789] systemd[1]: Starting Monitoring of LVM2 mirrors, snapshots etc. using dmeventd or progress polling...
         Starting Monitoring of LVM2 mirrors... dmeventd or progress polling...
[   17.025863] systemd[1]: Mounting POSIX Message Queue File System...
         Mounting POSIX Message Queue File System...
[   17.062703] systemd[1]: Mounted POSIX Message Queue File System.
[[0;32m  OK  [0m] Mounted POSIX Message Queue File System.
[   17.166086] systemd[1]: Mounted Huge Pages File System.
[[0;32m  OK  [0m] Mounted Huge Pages File System.
[   17.206817] systemd[1]: Mounted Debug File System.
[[0;32m  OK  [0m] Mounted Debug File System.
[   17.258597] systemd[1]: Started Journal Service.
[[0;32m  OK  [0m] Started Journal Service.
[[0;32m  OK  [0m] Started Uncomplicated firewall.
[[0;32m  OK  [0m] Started Remount Root and Kernel File Systems.
[[0;32m  OK  [0m] Started Create list of required sta...ce nodes for the current kernel.
[[0;32m  OK  [0m] Started Load Kernel Modules.
[[0;32m  OK  [0m] Started Set console keymap.
[[0;32m  OK  [0m] Started Nameserver information manager.
[[0;32m  OK  [0m] Started LVM2 metadata daemon.
         Mounting FUSE Control File System...
         Starting Apply Kernel Variables...
         Starting Create Static Device Nodes in /dev...
         Starting Initial cloud-init job (pre-networking)...
         Starting udev Coldplug all Devices...
         Starting Load/Save Random Seed...
         Starting Flush Journal to Persistent Storage...
[[0;32m  OK  [0m] Mounted FUSE Control File System.
[[0;32m  OK  [0m] Started Apply Kernel Variables.
[[0;32m  OK  [0m] Started Monitoring of LVM2 mirrors,...ng dmeventd or progress polling.
[[0;32m  OK  [0m] Started Create Static Device Nodes in /dev.
[[0;32m  OK  [0m] Started Load/Save Random Seed.
[[0;32m  OK  [0m] Started udev Coldplug all Devices.
[[0;32m  OK  [0m] Started Flush Journal to Persistent Storage.
         Starting udev Kernel Device Manager...
[[0;32m  OK  [0m] Started udev Kernel Device Manager.
[[0;32m  OK  [0m] Reached target Local File Systems (Pre).
[[0;32m  OK  [0m] Reached target Local File Systems.
         Starting LSB: AppArmor initialization...
         Starting Create Volatile Files and Directories...
         Starting Tell Plymouth To Write Out Runtime Data...
         Starting Commit a transient machine-id on disk...
         Starting Set console font and keymap...
[[0;32m  OK  [0m] Started Dispatch Password Requests to Console Directory Watch.
[[0;32m  OK  [0m] Started Create Volatile Files and Directories.
[[0;32m  OK  [0m] Started Tell Plymouth To Write Out Runtime Data.
[[0;32m  OK  [0m] Started Commit a transient machine-id on disk.
[[0;32m  OK  [0m] Found device /dev/ttyS0.
[[0;32m  OK  [0m] Reached target System Time Synchronized.
         Starting Update UTMP about System Boot/Shutdown...
[[0;32m  OK  [0m] Started Update UTMP about System Boot/Shutdown.
[[0;32m  OK  [0m] Started Set console font and keymap.
[[0;32m  OK  [0m] Created slice system-getty.slice.
[[0;32m  OK  [0m] Listening on Load/Save RF Kill Switch Status /dev/rfkill Watch.
[   18.074047] cloud-init[490]: Cloud-init v. 0.7.9 running 'init-local' at Tue, 09 May 2017 15:57:50 +0000. Up 17.24 seconds.
[[0;32m  OK  [0m] Started Initial cloud-init job (pre-networking).
[[0;32m  OK  [0m] Started LSB: AppArmor initialization.
[[0;32m  OK  [0m] Reached target Network (Pre).
         Starting Raise network interfaces...
[[0;32m  OK  [0m] Started Raise network interfaces.
[[0;32m  OK  [0m] Reached target Network.
         Starting Initial cloud-init job (metadata service crawler)...
[   21.202780] cloud-init[1064]: Cloud-init v. 0.7.9 running 'init' at Tue, 09 May 2017 15:57:53 +0000. Up 20.47 seconds.
[[0;32m  OK  [0m] Started Initial cloud-init job (metadata service crawler).
[   21.288751] cloud-init[1064]: ci-info: ++++++++++++++++++++++++++++++++++++++Net device info++++++++++++++++++++++++++++++++++++++
[   21.429387] [cloud-init[0;32m  OK  [0m[1064]: ] ci-info: +--------+-------+----------------------------+---------------+-------+-------------------+Reached target Cloud-config availability.

[   21.431038] [cloud-init[0;32m  OK  [0m[1064]: ] ci-info: | Device |   Up  |          Address           |      Mask     | Scope |     Hw-Address    |Reached target System Initialization.

         Starting Socket activation for snappy daemon.
[[0;32m  OK  [0m] Started Daily Cleanup of Temporary Directories.
[   21.511474] cloud-init[1064]: ci-info: +--------+-------+----------------------------+---------------+-------+-------------------+
[   21.720946] cloud-init[1064]: ci-info: |   lo   |  True |         127.0.0.1          |   255.0.0.0   |   .   |         .         |
[[0;32m  OK  [0m] Started Daily apt activities.
[   21.722734] [cloud-init[0;32m  OK  [0m[1064]: ] ci-info: |   lo   |  True |          ::1/128           |       .       |  host |         .         |Listening on D-Bus System Message Bus Socket.

[   21.969828] [cloud-init[0;32m  OK  [0m[1064]: ] ci-info: | enp0s3 |  True |         10.0.2.15          | 255.255.255.0 |   .   | 02:2d:8f:cf:d6:cd |Started Trigger resolvconf update for networkd DNS.

[   21.971727] cloud-init[1064]: ci-info: | enp0s3 |  True | fe80::2d:8fff:fecf:d6cd/64 |       .       |  link | 02:2d:8f:cf:d6:cd |
[   22.177350] [cloud-init[0;32m  OK  [0m[1064]: ] ci-info: | enp0s8 | False |             .              |       .       |   .   | 08:00:27:47:38:c9 |Started ACPI Events Check.

[[0;32m  OK  [0m] Reached target Paths.
[   22.253463] cloud-init[1064]: ci-info: +--------+-------+----------------------------+---------------+-------+-------------------+
[   22.314172]          cloud-initStarting LXD - unix socket.[1064]: 
ci-info: +++++++++++++++++++++++++++Route IPv4 info++++++++++++++++++++++++++++
[[0;32m  OK  [0m] Listening on UUID daemon activation socket.
[   22.367885] cloud-init[1064]: ci-info: +-------+-------------+----------+---------------+-----------+-------+
[[0;32m  OK  [0m] Started Timer to automatically refresh installed snaps.
[[0;32m  OK  [0m] Reached target Timers.
[   22.405172] cloud-init[1064]: ci-info: | Route | Destination | Gateway  |    Genmask    | Interface | Flags |
[   22.541528] [cloud-init[0;32m  OK  [0m[1064]: ] ci-info: +-------+-------------+----------+---------------+-----------+-------+Listening on ACPID Listen Socket.

[   22.543876] [cloud-init[0;32m  OK  [0m[1064]: ] ci-info: |   0   |   0.0.0.0   | 10.0.2.2 |    0.0.0.0    |   enp0s3  |   UG  |Reached target Network is Online.

[   22.654873] cloud-init[1064]: ci-info: |   1   |   10.0.2.0  | 0.0.0.0  | 255.255.255.0 |   enp0s3  |   U   |
[   22.728434]          cloud-initStarting iSCSI initiator daemon (iscsid)...[1064]: 
ci-info: +-------+-------------+----------+---------------+-----------+-------+
[   22.816819] [cloud-init[0;32m  OK  [0m[1064]: ] Generating public/private rsa key pair.
Listening on Socket activation for snappy daemon.
[   22.819071] [cloud-init[0;32m  OK  [0m[1064]: ] Your identification has been saved in /etc/ssh/ssh_host_rsa_key.Listening on LXD - unix socket.

[   22.908048] cloud-init[1064]: Your public key has been saved in /etc/ssh/ssh_host_rsa_key.pub.
[   23.072914] [cloud-init[0;32m  OK  [0m[1064]: ] The key fingerprint is:Started iSCSI initiator daemon (iscsid).

[   23.149344]          cloud-initStarting Login to default iSCSI targets...[1064]: 
SHA256:MJk5FRRVea/fr6tY2zg/3dgOocd6cORFCr3JjRwGpns root@ubuntu-xenial
[   23.236902] [cloud-init[0;32m  OK  [0m[1064]: ] The key's randomart image is:Reached target Sockets.

[   23.238968] [cloud-init[0;32m  OK  [0m[1064]: ] +---[RSA 2048]----+Reached target Basic System.

[   23.324242] cloud-init[1064]: |       .=+..++   |
[[0;32m  OK  [0m] Started FUSE filesystem for LXC.
[   23.414067] cloud-init[1064]: |       =   oo = .|
[   23.469528]          cloud-initStarting LSB: MD monitoring daemon...[1064]: 
|      B   .  * X |
         Starting Login Service...
[   23.531662] cloud-init[1064]: |       +   .  O +|
[   23.585268] cloud-init[1064]: |        S . Eo.o |
[   23.609566] cloud-init[1064]: |           ..o+. |
[   23.617038] cloud-init[1064]: |            oo+=o|
[   23.617255] cloud-init[1064]: |           o.*+.*|
[   23.617560] cloud-init[1064]: |          . ====+|
[   23.617783] cloud-init[1064]: +----[SHA256]-----+
         Starting Pollinate to seed the pseudo random number generator...
[   23.618201] cloud-init[1064]: Generating public/private dsa key pair.
[   23.754895] cloud-init         Starting Apply the settings specified in cloud-config...
[1064]: Your identification has been saved in /etc/ssh/ssh_host_dsa_key.
[   23.864711] cloud-init[1064]: Your public key has been saved in /etc/ssh/ssh_host_dsa_key.pub.
         Starting LXD - container startup/shutdown...
[   23.923000] cloud-init[1064]: The key fingerprint is:
[   23.980298] cloud-init[1064]: SHA256:C7rxiU6AqPSWR5/VLVZ8p9N7Hi/rqcAt7xFvwZD+fJg root@ubuntu-xenial
[   24.007496] cloud-init[1064]: The key's randomart image is:
[[0;32m  OK  [0m] Started Regular background program processing daemon.
[   24.022864] cloud-init[1064]: +---[DSA 1024]----+
         Starting System Logging Service...
[   24.134778] cloud-init[1064]: |                 |
         Starting Accounts Service...
[   24.216675] cloud-init[1064]: |            ..   |
         Starting LSB: Record successful boot for GRUB...
[   24.274921] cloud-init[1064]: |            oo ..|
[[0;32m  OK  [0m] Started ACPI event daemon.
[[0;32m  OK  [0m] Started Deferred execution scheduler.
[   24.351603] cloud-init[1064]: |..        ..oo.o.|
[   24.455547] cloud-init[1064]: |o..  .. S. +o.= .|
[   24.508274] [cloud-init[0;32m  OK  [0m[1064]: ] |o ..o...oo...= =.|Started Snappy daemon.

[   24.508704] cloud-init[1064]: |.  ++. o. + o Eoo|
[   24.608328] cloud-init[1064]: [|  ...= .   + o.++|[0;32m  OK  [0m
] Started D-Bus System Message Bus.
[   24.656544] cloud-init[1064]: |   .+ o    .+o+oo|
[   24.659635] cloud-init[1064]: +----[SHA256]-----+
         Starting /etc/rc.local Compatibility...
[   24.668839] cloud-init[1064]: Generating public/private ecdsa key pair.
[   24.714242]          cloud-initStarting Auto import assertions from block devices...[1064]: 
Your identification has been saved in /etc/ssh/ssh_host_ecdsa_key.
[   24.842658] cloud-init[1064]: Your public key has been saved in /etc/ssh/ssh_host_ecdsa_key.pub.
[   24.844624] cloud-init[1064]: The key fingerprint is:
[[0;32m  OK  [0m] Started System Logging Service.
[   24.844755] cloud-init[1064]: SHA256:W9EmsoJAqo1Fo/oVq5w9pU1t6rs3rO1E9CbbGdzM88U root@ubuntu-xenial
[   24.918643] cloud-init[1064]: The key's randomart image is:
[   24.918946] cloud-init[1064]: +---[ECDSA 256]---+
[[0;32m  OK  [0m] Started Pollinate to seed the pseudo random number generator.
[   24.919094] cloud-init[1064]: |  +              |
[   25.024260] cloud-init[1064]: | = .       .     |
[   25.024542] cloud-init[1064]: |o o .   o o o    |
[[0;32m  OK  [0m] Started LXD - container startup/shutdown.
[   25.024708] cloud-init[1064]: |o+ . + o = B   . |
[   25.126791] cloud-init[1064]: |+ . + + S * =   E|
[   25.127066] cloud-init[1064]: | o = = = B o o . |
[[0;32m  OK  [0m] Started /etc/rc.local Compatibility.
[   25.127231] cloud-init[1064]: |  = + o.+ o   .  |
[[0;32m  OK  [0m[   25.199640] cloud-init[1064]: |     o o+        |] 
Started Auto import assertions from block devices.
[   25.200389] cloud-init[1064]: |      =*o.       |
[   25.301316] cloud-init[1064]: +----[SHA256]-----+
[   25.340384] cloud-init[1064]: Generating public/private ed25519 key pair.
[   25.340721] cloud-init[1064]: Your identification has been saved in /etc/ssh/ssh_host_ed25519_key.
[[0;32m  OK  [0m] Started Login to default iSCSI targets.
[   25.340861] cloud-init[1064]: Your public key has been saved in /etc/ssh/ssh_host_ed25519_key.pub.
[[   25.472365] cloud-init[1064]: The key fingerprint is:
[   25.473035] cloud-init[1064]: SHA256:vk8jeQcRCMryB4jNTr84AYRsakjCA+p1i3/Rk9uavOY root@ubuntu-xenial
[   25.473192] cloud-init[1064]: The key's randomart image is:
[   25.473329] cloud-init[1064]: +--[ED25519 256]--+
[   25.473485] cloud-init[1064]: |*.    .. ..      |
[   25.473662] cloud-init[1064]: |=X o .  .  .     |
[   25.473819] cloud-init[1064]: |X B.+.    .      |
[   25.473972] cloud-init[1064]: |+=.+o.. . ..     |
[   25.474128] cloud-init[1064]: |..o.o...S+.      |
[   25.474300] cloud-init[1064]: |   o.o ...+.     |
[   25.474452] cloud-init[1064]: |  o .. .+.+..    |
[   25.474611] cloud-init[1064]: |   .  . .*oo     |
[   25.478030] cloud-init[1064]: |        +Eo      |
[   25.478117] cloud-init[1064]: +----[SHA256]-----+
[0;32m  OK  [0m] Started LSB: MD monitoring daemon.
[   25.484358] cloud-init[1199]: Generating locales (this might take a while)...
[   25.701070] cloud-init[1199]:   en_US.UTF-8... done
[   25.713981] cloud-init[1199]: Generation complete.
[[0;32m  OK  [0m] Started LSB: Record successful boot for GRUB.
[[0;32m  OK  [0m] Started Login Service.
         Starting Authenticate and Authorize Users to Run Privileged Tasks...
[[0;32m  OK  [0m] Reached target Remote File Systems (Pre).
[[0;32m  OK  [0m] Reached target Remote File Systems.
         Starting LSB: Set the CPU Frequency Scaling governor to "ondemand"...
         Starting LSB: automatic crash report generation...
         Starting LSB: daemon to balance interrupts for SMP systems...
         Starting Permit User Sessions...
         Starting LSB: VirtualBox Linux Additions...
[[0;32m  OK  [0m] Stopped OpenBSD Secure Shell server.
         Starting OpenBSD Secure Shell server...
[[0;32m  OK  [0m] Started OpenBSD Secure Shell server.
[[0;32m  OK  [0m] Started Permit User Sessions.
[[0;32m  OK  [0m] Started Authenticate and Authorize Users to Run Privileged Tasks.
[[0;32m  OK  [0m] Started Accounts Service.
         Starting Terminate Plymouth Boot Screen...
         Starting Hold until boot process finishes up...
[[0;32m  OK  [0m] Started LSB: Set the CPU Frequency Scaling governor to "ondemand".
[[0;32m  OK  [0m] Started LSB: automatic crash report generation.
[[0;32m  OK  [0m] Started LSB: daemon to balance interrupts for SMP systems.
[[0;32m  OK  [0m] Started LSB: VirtualBox Linux Additions.
[[0;32m  OK  [0m] Started Terminate Plymouth Boot Screen.
[[0;32m  OK  [0m] Started Hold until boot process finishes up.
         Starting Set console scheme...
[[0;32m  OK  [0m] Started Getty on tty1.
[[0;32m  OK  [0m] Started Serial Getty on ttyS0.
[[0;32m  OK  [0m] Reached target Login Prompts.
[[0;32m  OK  [0m] Reached target Multi-User System.
[[0;32m  OK  [0m] Reached target Graphical Interface.
         Starting Update UTMP about System Runlevel Changes...
[[0;32m  OK  [0m] Started Set console scheme.
[[0;32m  OK  [0m] Started Update UTMP about System Runlevel Changes.
[   26.734084] cloud-init[1199]: Cloud-init v. 0.7.9 running 'modules:config' at Tue, 09 May 2017 15:57:57 +0000. Up 24.23 seconds.
[[0;32m  OK  [0m] Started Apply the settings specified in cloud-config.
         Starting Execute cloud user/final scripts...
ci-info: no authorized ssh keys fingerprints found for user ubuntu.
<14>May  9 15:58:00 ec2: 
<14>May  9 15:58:00 ec2: #############################################################
<14>May  9 15:58:00 ec2: -----BEGIN SSH HOST KEY FINGERPRINTS-----
<14>May  9 15:58:00 ec2: 1024 SHA256:C7rxiU6AqPSWR5/VLVZ8p9N7Hi/rqcAt7xFvwZD+fJg root@ubuntu-xenial (DSA)
<14>May  9 15:58:00 ec2: 256 SHA256:W9EmsoJAqo1Fo/oVq5w9pU1t6rs3rO1E9CbbGdzM88U root@ubuntu-xenial (ECDSA)
<14>May  9 15:58:00 ec2: 256 SHA256:vk8jeQcRCMryB4jNTr84AYRsakjCA+p1i3/Rk9uavOY root@ubuntu-xenial (ED25519)
<14>May  9 15:58:00 ec2: 2048 SHA256:MJk5FRRVea/fr6tY2zg/3dgOocd6cORFCr3JjRwGpns root@ubuntu-xenial (RSA)
<14>May  9 15:58:00 ec2: -----END SSH HOST KEY FINGERPRINTS-----
<14>May  9 15:58:00 ec2: #############################################################
-----BEGIN SSH HOST KEY KEYS-----
ecdsa-sha2-nistp256 AAAAE2VjZHNhLXNoYTItbmlzdHAyNTYAAAAIbmlzdHAyNTYAAABBBOlwFt9HWjasOAikU+AnfrOstwlRlZXPMsLuHVwQfJxFbrKLZXR4gU50b+g4kElajq91wZSo9mvALW1IwStwIq4= root@ubuntu-xenial
ssh-ed25519 AAAAC3NzaC1lZDI1NTE5AAAAII5kNBxF4MxqSpkQnsb1u42jN8gSLXVuItPBhXAKQ2lE root@ubuntu-xenial
ssh-rsa AAAAB3NzaC1yc2EAAAADAQABAAABAQCWomTgB3yt4yiie+jwXNWQbHv/L4PnBp3+mLovLA9bFboE6QevZxEWti7xhePy7I607WpUJW/a4Z6rumuv8sHVXyquTnT+CyP8AsfBA2EVphTc6IY38GdMEH1bzEQPlilsi7FaMeoODHizb5qpcpBrOyBjrwptwMFoonKWiqN9l4Kw8ndJMqFqdP3L6Dm7OKRkMWXf4LZ9FC0ttpIQkMn+uY6b9mYmTMelwcmcN+aZEt/U2ugEdoK3CuRE7LBRfkPI9Ounoc7sVDgDlOywPxdk6g7mejh9GJzOXjnuhIms5HvjAgCsajGDnHV5lnjSuikpaGzky+QimEoEgNAJaArF root@ubuntu-xenial
-----END SSH HOST KEY KEYS-----
[   27.520277] cloud-init[1433]: Cloud-init v. 0.7.9 running 'modules:final' at Tue, 09 May 2017 15:58:00 +0000. Up 27.17 seconds.
[   27.530739] cloud-init[1433]: ci-info: no authorized ssh keys fingerprints found for user ubuntu.
[   27.545055] cloud-init[1433]: Cloud-init v. 0.7.9 finished at Tue, 09 May 2017 15:58:00 +0000. Datasource DataSourceNoCloud [seed=/dev/sdb][dsmode=net].  Up 27.51 seconds
[[0;32m  OK  [0m] Started Execute cloud user/final scripts.
[[0;32m  OK  [0m] Reached target Cloud-init target.

Ubuntu 16.04.2 LTS ubuntu-xenial ttyS0

ubuntu-xenial login: 